<?xml version="1.0" encoding="UTF-8"?>
<testng-results ignored="0" total="15" passed="14" failed="1" skipped="0">
  <reporter-output>
  </reporter-output>
  <suite started-at="2024-12-24T15:11:19 IST" name="Surefire suite" finished-at="2024-12-24T15:13:41 IST" duration-ms="142169">
    <groups>
    </groups>
    <test started-at="2024-12-24T15:11:19 IST" name="Surefire test" finished-at="2024-12-24T15:13:41 IST" duration-ms="142169">
      <class name="com.qa.testcases.LPtoAccOpenTest">
        <test-method is-config="true" signature="setUp()[pri:0, instance:com.qa.testcases.LPtoAccOpenTest@3c130745]" started-at="2024-12-24T15:11:49 IST" name="setUp" finished-at="2024-12-24T15:11:57 IST" duration-ms="7535" status="PASS">
          <reporter-output>
          </reporter-output>
        </test-method> <!-- setUp -->
        <test-method signature="verifyLandingPageTitleTest()[pri:1, instance:com.qa.testcases.LPtoAccOpenTest@3c130745]" started-at="2024-12-24T15:11:57 IST" name="verifyLandingPageTitleTest" finished-at="2024-12-24T15:11:57 IST" duration-ms="710" status="PASS">
          <reporter-output>
          </reporter-output>
        </test-method> <!-- verifyLandingPageTitleTest -->
        <test-method is-config="true" signature="tearDown()[pri:0, instance:com.qa.testcases.LPtoAccOpenTest@3c130745]" started-at="2024-12-24T15:11:57 IST" name="tearDown" finished-at="2024-12-24T15:11:58 IST" duration-ms="277" status="PASS">
          <reporter-output>
          </reporter-output>
        </test-method> <!-- tearDown -->
        <test-method is-config="true" signature="setUp()[pri:0, instance:com.qa.testcases.LPtoAccOpenTest@3c130745]" started-at="2024-12-24T15:11:58 IST" name="setUp" finished-at="2024-12-24T15:12:03 IST" duration-ms="5206" status="PASS">
          <reporter-output>
          </reporter-output>
        </test-method> <!-- setUp -->
        <test-method signature="verifyLogonToLabelTest()[pri:2, instance:com.qa.testcases.LPtoAccOpenTest@3c130745]" started-at="2024-12-24T15:12:03 IST" name="verifyLogonToLabelTest" finished-at="2024-12-24T15:12:03 IST" duration-ms="451" status="PASS">
          <reporter-output>
          </reporter-output>
        </test-method> <!-- verifyLogonToLabelTest -->
        <test-method is-config="true" signature="tearDown()[pri:0, instance:com.qa.testcases.LPtoAccOpenTest@3c130745]" started-at="2024-12-24T15:12:03 IST" name="tearDown" finished-at="2024-12-24T15:12:03 IST" duration-ms="285" status="PASS">
          <reporter-output>
          </reporter-output>
        </test-method> <!-- tearDown -->
        <test-method is-config="true" signature="setUp()[pri:0, instance:com.qa.testcases.LPtoAccOpenTest@3c130745]" started-at="2024-12-24T15:12:03 IST" name="setUp" finished-at="2024-12-24T15:12:10 IST" duration-ms="6262" status="PASS">
          <reporter-output>
          </reporter-output>
        </test-method> <!-- setUp -->
        <test-method signature="verifyAccOpeningJourneyTest()[pri:3, instance:com.qa.testcases.LPtoAccOpenTest@3c130745]" started-at="2024-12-24T15:12:10 IST" name="verifyAccOpeningJourneyTest" finished-at="2024-12-24T15:12:11 IST" duration-ms="1504" status="PASS">
          <reporter-output>
          </reporter-output>
        </test-method> <!-- verifyAccOpeningJourneyTest -->
        <test-method is-config="true" signature="tearDown()[pri:0, instance:com.qa.testcases.LPtoAccOpenTest@3c130745]" started-at="2024-12-24T15:12:11 IST" name="tearDown" finished-at="2024-12-24T15:12:12 IST" duration-ms="319" status="PASS">
          <reporter-output>
          </reporter-output>
        </test-method> <!-- tearDown -->
        <test-method is-config="true" signature="setUp()[pri:0, instance:com.qa.testcases.LPtoAccOpenTest@3c130745]" started-at="2024-12-24T15:12:12 IST" name="setUp" finished-at="2024-12-24T15:12:16 IST" duration-ms="4272" status="PASS">
          <reporter-output>
          </reporter-output>
        </test-method> <!-- setUp -->
        <test-method signature="verifyCommandCentralTest()[pri:3, instance:com.qa.testcases.LPtoAccOpenTest@3c130745]" started-at="2024-12-24T15:12:16 IST" name="verifyCommandCentralTest" finished-at="2024-12-24T15:12:18 IST" duration-ms="1997" status="PASS">
          <reporter-output>
          </reporter-output>
        </test-method> <!-- verifyCommandCentralTest -->
        <test-method is-config="true" signature="tearDown()[pri:0, instance:com.qa.testcases.LPtoAccOpenTest@3c130745]" started-at="2024-12-24T15:12:18 IST" name="tearDown" finished-at="2024-12-24T15:12:18 IST" duration-ms="209" status="PASS">
          <reporter-output>
          </reporter-output>
        </test-method> <!-- tearDown -->
      </class> <!-- com.qa.testcases.LPtoAccOpenTest -->
      <class name="com.qa.testcases.AccountTypePageTest">
        <test-method is-config="true" signature="setUp()[pri:0, instance:com.qa.testcases.AccountTypePageTest@96def03]" started-at="2024-12-24T15:11:19 IST" name="setUp" finished-at="2024-12-24T15:11:36 IST" duration-ms="16678" status="PASS">
          <reporter-output>
          </reporter-output>
        </test-method> <!-- setUp -->
        <test-method signature="verifyHsbcLabel()[pri:0, instance:com.qa.testcases.AccountTypePageTest@96def03]" started-at="2024-12-24T15:11:36 IST" name="verifyHsbcLabel" finished-at="2024-12-24T15:11:36 IST" duration-ms="265" status="PASS">
          <reporter-output>
          </reporter-output>
        </test-method> <!-- verifyHsbcLabel -->
        <test-method is-config="true" signature="tearDown()[pri:0, instance:com.qa.testcases.AccountTypePageTest@96def03]" started-at="2024-12-24T15:11:36 IST" name="tearDown" finished-at="2024-12-24T15:11:37 IST" duration-ms="267" status="PASS">
          <reporter-output>
          </reporter-output>
        </test-method> <!-- tearDown -->
      </class> <!-- com.qa.testcases.AccountTypePageTest -->
      <class name="com.qa.testcases.UserPageTest">
        <test-method is-config="true" signature="setUp()[pri:0, instance:com.qa.testcases.UserPageTest@3e2e18f2]" started-at="2024-12-24T15:12:39 IST" name="setUp" finished-at="2024-12-24T15:12:46 IST" duration-ms="6883" status="PASS">
          <reporter-output>
          </reporter-output>
        </test-method> <!-- setUp -->
        <test-method signature="validateCreateNewUser(java.lang.String,java.lang.String,java.lang.String,java.lang.String,java.lang.String,java.lang.String,java.lang.String,java.lang.String)[pri:1, instance:com.qa.testcases.UserPageTest@3e2e18f2]" started-at="2024-12-24T15:12:46 IST" name="validateCreateNewUser" data-provider="getUserTestData" finished-at="2024-12-24T15:12:50 IST" duration-ms="3385" status="PASS">
          <params>
            <param index="0">
              <value>
                <![CDATA[Pooja]]>
              </value>
            </param>
            <param index="1">
              <value>
                <![CDATA[C0554147]]>
              </value>
            </param>
            <param index="2">
              <value>
                <![CDATA[9.685745632E9]]>
              </value>
            </param>
            <param index="3">
              <value>
                <![CDATA[pooja@gmail.com]]>
              </value>
            </param>
            <param index="4">
              <value>
                <![CDATA[Main Branch, Mumbai]]>
              </value>
            </param>
            <param index="5">
              <value>
                <![CDATA[ACE ADMIN]]>
              </value>
            </param>
            <param index="6">
              <value>
                <![CDATA[Branch Banking]]>
              </value>
            </param>
            <param index="7">
              <value>
                <![CDATA[Karan Singh]]>
              </value>
            </param>
          </params>
          <reporter-output>
          </reporter-output>
        </test-method> <!-- validateCreateNewUser -->
        <test-method is-config="true" signature="tearDown()[pri:0, instance:com.qa.testcases.UserPageTest@3e2e18f2]" started-at="2024-12-24T15:12:50 IST" name="tearDown" finished-at="2024-12-24T15:12:50 IST" duration-ms="394" status="PASS">
          <reporter-output>
          </reporter-output>
        </test-method> <!-- tearDown -->
        <test-method is-config="true" signature="setUp()[pri:0, instance:com.qa.testcases.UserPageTest@3e2e18f2]" started-at="2024-12-24T15:12:50 IST" name="setUp" finished-at="2024-12-24T15:12:58 IST" duration-ms="8057" status="PASS">
          <reporter-output>
          </reporter-output>
        </test-method> <!-- setUp -->
        <test-method signature="validateCreateNewUser(java.lang.String,java.lang.String,java.lang.String,java.lang.String,java.lang.String,java.lang.String,java.lang.String,java.lang.String)[pri:1, instance:com.qa.testcases.UserPageTest@3e2e18f2]" started-at="2024-12-24T15:12:58 IST" name="validateCreateNewUser" data-provider="getUserTestData" finished-at="2024-12-24T15:13:01 IST" duration-ms="3144" status="PASS">
          <params>
            <param index="0">
              <value>
                <![CDATA[Test1]]>
              </value>
            </param>
            <param index="1">
              <value>
                <![CDATA[C0554148]]>
              </value>
            </param>
            <param index="2">
              <value>
                <![CDATA[9.685745633E9]]>
              </value>
            </param>
            <param index="3">
              <value>
                <![CDATA[test1@gmail.com]]>
              </value>
            </param>
            <param index="4">
              <value>
                <![CDATA[UAE]]>
              </value>
            </param>
            <param index="5">
              <value>
                <![CDATA[Frontline]]>
              </value>
            </param>
            <param index="6">
              <value>
                <![CDATA[MSF]]>
              </value>
            </param>
            <param index="7">
              <value>
                <![CDATA[Karan Singh]]>
              </value>
            </param>
          </params>
          <reporter-output>
          </reporter-output>
        </test-method> <!-- validateCreateNewUser -->
        <test-method is-config="true" signature="tearDown()[pri:0, instance:com.qa.testcases.UserPageTest@3e2e18f2]" started-at="2024-12-24T15:13:01 IST" name="tearDown" finished-at="2024-12-24T15:13:02 IST" duration-ms="509" status="PASS">
          <reporter-output>
          </reporter-output>
        </test-method> <!-- tearDown -->
        <test-method is-config="true" signature="setUp()[pri:0, instance:com.qa.testcases.UserPageTest@3e2e18f2]" started-at="2024-12-24T15:13:02 IST" name="setUp" finished-at="2024-12-24T15:13:09 IST" duration-ms="7545" status="PASS">
          <reporter-output>
          </reporter-output>
        </test-method> <!-- setUp -->
        <test-method signature="validateCreateNewUser(java.lang.String,java.lang.String,java.lang.String,java.lang.String,java.lang.String,java.lang.String,java.lang.String,java.lang.String)[pri:1, instance:com.qa.testcases.UserPageTest@3e2e18f2]" started-at="2024-12-24T15:13:09 IST" name="validateCreateNewUser" data-provider="getUserTestData" finished-at="2024-12-24T15:13:32 IST" duration-ms="22196" status="FAIL">
          <params>
            <param index="0">
              <value>
                <![CDATA[Test2]]>
              </value>
            </param>
            <param index="1">
              <value>
                <![CDATA[C0554149]]>
              </value>
            </param>
            <param index="2">
              <value>
                <![CDATA[9.685745634E9]]>
              </value>
            </param>
            <param index="3">
              <value>
                <![CDATA[test2@gmail.com]]>
              </value>
            </param>
            <param index="4">
              <value>
                <![CDATA[Hyderabad]]>
              </value>
            </param>
            <param index="5">
              <value>
                <![CDATA[Business]]>
              </value>
            </param>
            <param index="6">
              <value>
                <![CDATA[User Admin]]>
              </value>
            </param>
            <param index="7">
              <value>
                <![CDATA[Karan Singh]]>
              </value>
            </param>
          </params>
          <exception class="org.openqa.selenium.NoSuchElementException">
            <message>
              <![CDATA[Cannot locate element with text: User Admin
For documentation on this error, please visit: http://seleniumhq.org/exceptions/no_such_element.html
Build info: version: '3.14.0', revision: 'aacccce0', time: '2018-08-02T20:19:58.91Z'
System info: host: 'POOJAN-D', ip: '192.168.40.55', os.name: 'Windows 10', os.arch: 'amd64', os.version: '10.0', java.version: '17.0.12'
Driver info: driver.version: unknown]]>
            </message>
            <full-stacktrace>
              <![CDATA[org.openqa.selenium.NoSuchElementException: Cannot locate element with text: User Admin
For documentation on this error, please visit: http://seleniumhq.org/exceptions/no_such_element.html
Build info: version: '3.14.0', revision: 'aacccce0', time: '2018-08-02T20:19:58.91Z'
System info: host: 'POOJAN-D', ip: '192.168.40.55', os.name: 'Windows 10', os.arch: 'amd64', os.version: '10.0', java.version: '17.0.12'
Driver info: driver.version: unknown
at org.openqa.selenium.support.ui.Select.selectByVisibleText(Select.java:151)
at com.qa.pages.UserPage.createNewUser(UserPage.java:69)
at com.qa.testcases.UserPageTest.validateCreateNewUser(UserPageTest.java:50)
at java.base/jdk.internal.reflect.NativeMethodAccessorImpl.invoke0(Native Method)
at java.base/jdk.internal.reflect.NativeMethodAccessorImpl.invoke(NativeMethodAccessorImpl.java:77)
at java.base/jdk.internal.reflect.DelegatingMethodAccessorImpl.invoke(DelegatingMethodAccessorImpl.java:43)
at java.base/java.lang.reflect.Method.invoke(Method.java:568)
at org.testng.internal.invokers.MethodInvocationHelper.invokeMethod(MethodInvocationHelper.java:141)
at org.testng.internal.invokers.TestInvoker.invokeMethod(TestInvoker.java:686)
at org.testng.internal.invokers.TestInvoker.invokeTestMethod(TestInvoker.java:230)
at org.testng.internal.invokers.MethodRunner.runInSequence(MethodRunner.java:63)
at org.testng.internal.invokers.TestInvoker$MethodInvocationAgent.invoke(TestInvoker.java:992)
at org.testng.internal.invokers.TestInvoker.invokeTestMethods(TestInvoker.java:203)
at org.testng.internal.invokers.TestMethodWorker.invokeTestMethods(TestMethodWorker.java:154)
at org.testng.internal.invokers.TestMethodWorker.run(TestMethodWorker.java:134)
at java.base/java.util.ArrayList.forEach(ArrayList.java:1511)
at org.testng.TestRunner.privateRun(TestRunner.java:739)
at org.testng.TestRunner.run(TestRunner.java:614)
at org.testng.SuiteRunner.runTest(SuiteRunner.java:421)
at org.testng.SuiteRunner.runSequentially(SuiteRunner.java:413)
at org.testng.SuiteRunner.privateRun(SuiteRunner.java:373)
at org.testng.SuiteRunner.run(SuiteRunner.java:312)
at org.testng.SuiteRunnerWorker.runSuite(SuiteRunnerWorker.java:52)
at org.testng.SuiteRunnerWorker.run(SuiteRunnerWorker.java:95)
at org.testng.TestNG.runSuitesSequentially(TestNG.java:1274)
at org.testng.TestNG.runSuitesLocally(TestNG.java:1208)
at org.testng.TestNG.runSuites(TestNG.java:1112)
at org.testng.TestNG.run(TestNG.java:1079)
at org.apache.maven.surefire.testng.TestNGExecutor.run(TestNGExecutor.java:155)
at org.apache.maven.surefire.testng.TestNGDirectoryTestSuite.executeMulti(TestNGDirectoryTestSuite.java:169)
at org.apache.maven.surefire.testng.TestNGDirectoryTestSuite.execute(TestNGDirectoryTestSuite.java:88)
at org.apache.maven.surefire.testng.TestNGProvider.invoke(TestNGProvider.java:137)
at org.apache.maven.surefire.booter.ForkedBooter.runSuitesInProcess(ForkedBooter.java:385)
at org.apache.maven.surefire.booter.ForkedBooter.execute(ForkedBooter.java:162)
at org.apache.maven.surefire.booter.ForkedBooter.run(ForkedBooter.java:507)
at org.apache.maven.surefire.booter.ForkedBooter.main(ForkedBooter.java:495)
]]>
            </full-stacktrace>
          </exception> <!-- org.openqa.selenium.NoSuchElementException -->
          <reporter-output>
          </reporter-output>
        </test-method> <!-- validateCreateNewUser -->
        <test-method is-config="true" signature="tearDown()[pri:0, instance:com.qa.testcases.UserPageTest@3e2e18f2]" started-at="2024-12-24T15:13:32 IST" name="tearDown" finished-at="2024-12-24T15:13:32 IST" duration-ms="236" status="PASS">
          <reporter-output>
          </reporter-output>
        </test-method> <!-- tearDown -->
        <test-method is-config="true" signature="setUp()[pri:0, instance:com.qa.testcases.UserPageTest@3e2e18f2]" started-at="2024-12-24T15:13:32 IST" name="setUp" finished-at="2024-12-24T15:13:38 IST" duration-ms="6411" status="PASS">
          <reporter-output>
          </reporter-output>
        </test-method> <!-- setUp -->
        <test-method signature="validateCreateNewUser(java.lang.String,java.lang.String,java.lang.String,java.lang.String,java.lang.String,java.lang.String,java.lang.String,java.lang.String)[pri:1, instance:com.qa.testcases.UserPageTest@3e2e18f2]" started-at="2024-12-24T15:13:38 IST" name="validateCreateNewUser" data-provider="getUserTestData" finished-at="2024-12-24T15:13:41 IST" duration-ms="2742" status="PASS">
          <params>
            <param index="0">
              <value>
                <![CDATA[Test3]]>
              </value>
            </param>
            <param index="1">
              <value>
                <![CDATA[C0554150]]>
              </value>
            </param>
            <param index="2">
              <value>
                <![CDATA[9.685745634E9]]>
              </value>
            </param>
            <param index="3">
              <value>
                <![CDATA[test3@gmail.com]]>
              </value>
            </param>
            <param index="4">
              <value>
                <![CDATA[Jaipur]]>
              </value>
            </param>
            <param index="5">
              <value>
                <![CDATA[ACE ADMIN]]>
              </value>
            </param>
            <param index="6">
              <value>
                <![CDATA[Branch Banking]]>
              </value>
            </param>
            <param index="7">
              <value>
                <![CDATA[Karan Singh]]>
              </value>
            </param>
          </params>
          <reporter-output>
          </reporter-output>
        </test-method> <!-- validateCreateNewUser -->
        <test-method is-config="true" signature="tearDown()[pri:0, instance:com.qa.testcases.UserPageTest@3e2e18f2]" started-at="2024-12-24T15:13:41 IST" name="tearDown" finished-at="2024-12-24T15:13:41 IST" duration-ms="427" status="PASS">
          <reporter-output>
          </reporter-output>
        </test-method> <!-- tearDown -->
      </class> <!-- com.qa.testcases.UserPageTest -->
      <class name="com.qa.testcases.LPtoCmdCentralTest">
        <test-method is-config="true" signature="setUp()[pri:0, instance:com.qa.testcases.LPtoCmdCentralTest@cd3fee8]" started-at="2024-12-24T15:12:18 IST" name="setUp" finished-at="2024-12-24T15:12:23 IST" duration-ms="4751" status="PASS">
          <reporter-output>
          </reporter-output>
        </test-method> <!-- setUp -->
        <test-method signature="verifyLandingPageTitleTest()[pri:1, instance:com.qa.testcases.LPtoCmdCentralTest@cd3fee8]" started-at="2024-12-24T15:12:23 IST" name="verifyLandingPageTitleTest" finished-at="2024-12-24T15:12:23 IST" duration-ms="49" status="PASS">
          <reporter-output>
          </reporter-output>
        </test-method> <!-- verifyLandingPageTitleTest -->
        <test-method is-config="true" signature="tearDown()[pri:0, instance:com.qa.testcases.LPtoCmdCentralTest@cd3fee8]" started-at="2024-12-24T15:12:23 IST" name="tearDown" finished-at="2024-12-24T15:12:23 IST" duration-ms="223" status="PASS">
          <reporter-output>
          </reporter-output>
        </test-method> <!-- tearDown -->
        <test-method is-config="true" signature="setUp()[pri:0, instance:com.qa.testcases.LPtoCmdCentralTest@cd3fee8]" started-at="2024-12-24T15:12:23 IST" name="setUp" finished-at="2024-12-24T15:12:28 IST" duration-ms="5441" status="PASS">
          <reporter-output>
          </reporter-output>
        </test-method> <!-- setUp -->
        <test-method signature="verifyLogonToLabelTest()[pri:2, instance:com.qa.testcases.LPtoCmdCentralTest@cd3fee8]" started-at="2024-12-24T15:12:28 IST" name="verifyLogonToLabelTest" finished-at="2024-12-24T15:12:29 IST" duration-ms="92" status="PASS">
          <reporter-output>
          </reporter-output>
        </test-method> <!-- verifyLogonToLabelTest -->
        <test-method is-config="true" signature="tearDown()[pri:0, instance:com.qa.testcases.LPtoCmdCentralTest@cd3fee8]" started-at="2024-12-24T15:12:29 IST" name="tearDown" finished-at="2024-12-24T15:12:30 IST" duration-ms="949" status="PASS">
          <reporter-output>
          </reporter-output>
        </test-method> <!-- tearDown -->
        <test-method is-config="true" signature="setUp()[pri:0, instance:com.qa.testcases.LPtoCmdCentralTest@cd3fee8]" started-at="2024-12-24T15:12:30 IST" name="setUp" finished-at="2024-12-24T15:12:36 IST" duration-ms="6312" status="PASS">
          <reporter-output>
          </reporter-output>
        </test-method> <!-- setUp -->
        <test-method signature="verifyCommandCentralTest()[pri:3, instance:com.qa.testcases.LPtoCmdCentralTest@cd3fee8]" started-at="2024-12-24T15:12:36 IST" name="verifyCommandCentralTest" finished-at="2024-12-24T15:12:38 IST" duration-ms="2400" status="PASS">
          <reporter-output>
          </reporter-output>
        </test-method> <!-- verifyCommandCentralTest -->
        <test-method is-config="true" signature="tearDown()[pri:0, instance:com.qa.testcases.LPtoCmdCentralTest@cd3fee8]" started-at="2024-12-24T15:12:38 IST" name="tearDown" finished-at="2024-12-24T15:12:38 IST" duration-ms="190" status="PASS">
          <reporter-output>
          </reporter-output>
        </test-method> <!-- tearDown -->
      </class> <!-- com.qa.testcases.LPtoCmdCentralTest -->
      <class name="com.qa.testcases.LoginPageTest">
        <test-method is-config="true" signature="setUp()[pri:0, instance:com.qa.testcases.LoginPageTest@61230f6a]" started-at="2024-12-24T15:11:37 IST" name="setUp" finished-at="2024-12-24T15:11:40 IST" duration-ms="3593" status="PASS">
          <reporter-output>
          </reporter-output>
        </test-method> <!-- setUp -->
        <test-method signature="loginPageTitleTest()[pri:1, instance:com.qa.testcases.LoginPageTest@61230f6a]" started-at="2024-12-24T15:11:40 IST" name="loginPageTitleTest" finished-at="2024-12-24T15:11:40 IST" duration-ms="15" status="PASS">
          <reporter-output>
          </reporter-output>
        </test-method> <!-- loginPageTitleTest -->
        <test-method is-config="true" signature="tearDown()[pri:0, instance:com.qa.testcases.LoginPageTest@61230f6a]" started-at="2024-12-24T15:11:40 IST" name="tearDown" finished-at="2024-12-24T15:11:40 IST" duration-ms="154" status="PASS">
          <reporter-output>
          </reporter-output>
        </test-method> <!-- tearDown -->
        <test-method is-config="true" signature="setUp()[pri:0, instance:com.qa.testcases.LoginPageTest@61230f6a]" started-at="2024-12-24T15:11:40 IST" name="setUp" finished-at="2024-12-24T15:11:44 IST" duration-ms="3289" status="PASS">
          <reporter-output>
          </reporter-output>
        </test-method> <!-- setUp -->
        <test-method signature="LogoTest()[pri:2, instance:com.qa.testcases.LoginPageTest@61230f6a]" started-at="2024-12-24T15:11:44 IST" name="LogoTest" finished-at="2024-12-24T15:11:44 IST" duration-ms="343" status="PASS">
          <reporter-output>
          </reporter-output>
        </test-method> <!-- LogoTest -->
        <test-method is-config="true" signature="tearDown()[pri:0, instance:com.qa.testcases.LoginPageTest@61230f6a]" started-at="2024-12-24T15:11:44 IST" name="tearDown" finished-at="2024-12-24T15:11:44 IST" duration-ms="202" status="PASS">
          <reporter-output>
          </reporter-output>
        </test-method> <!-- tearDown -->
        <test-method is-config="true" signature="setUp()[pri:0, instance:com.qa.testcases.LoginPageTest@61230f6a]" started-at="2024-12-24T15:11:44 IST" name="setUp" finished-at="2024-12-24T15:11:48 IST" duration-ms="3926" status="PASS">
          <reporter-output>
          </reporter-output>
        </test-method> <!-- setUp -->
        <test-method signature="loginTest()[pri:3, instance:com.qa.testcases.LoginPageTest@61230f6a]" started-at="2024-12-24T15:11:48 IST" name="loginTest" finished-at="2024-12-24T15:11:49 IST" duration-ms="650" status="PASS">
          <reporter-output>
          </reporter-output>
        </test-method> <!-- loginTest -->
        <test-method is-config="true" signature="tearDown()[pri:0, instance:com.qa.testcases.LoginPageTest@61230f6a]" started-at="2024-12-24T15:11:49 IST" name="tearDown" finished-at="2024-12-24T15:11:49 IST" duration-ms="200" status="PASS">
          <reporter-output>
          </reporter-output>
        </test-method> <!-- tearDown -->
      </class> <!-- com.qa.testcases.LoginPageTest -->
    </test> <!-- Surefire test -->
  </suite> <!-- Surefire suite -->
</testng-results>
