<?xml version="1.0" encoding="UTF-8"?>
<testsuite xmlns:xsi="http://www.w3.org/2001/XMLSchema-instance" xsi:noNamespaceSchemaLocation="https://maven.apache.org/surefire/maven-surefire-plugin/xsd/surefire-test-report-3.0.xsd" version="3.0" name="TestSuite" time="144.687" tests="15" errors="0" skipped="0" failures="1">
  <properties>
[...]
</properties>
  <testcase name="verifyHsbcLabel" classname="com.qa.testcases.AccountTypePageTest" time="0.264">
    <system-out><![CDATA[The path is E:\Pooja Workspace\EclipseWorkspaces\TestAutomation
The path is E:\Pooja Workspace\EclipseWorkspaces\TestAutomation
The path is E:\Pooja Workspace\EclipseWorkspaces\TestAutomation
The path is E:\Pooja Workspace\EclipseWorkspaces\TestAutomation
The path is E:\Pooja Workspace\EclipseWorkspaces\TestAutomation
using chrome browser
The path is E:\Pooja Workspace\EclipseWorkspaces\TestAutomation
Before navigating to: 'http://192.168.40.55:8022/manuallogin'
Navigated to:'http://192.168.40.55:8022/manuallogin'
The path is E:\Pooja Workspace\EclipseWorkspaces\TestAutomation
The path is E:\Pooja Workspace\EclipseWorkspaces\TestAutomation
Trying to find Element By : By.name: UserName
Found Element By : By.name: UserName
Trying to find Element By : By.name: Password
Found Element By : By.name: Password
Trying to find Element By : By.id: btnlogin
Found Element By : By.id: btnlogin
Trying to click on: [[ChromeDriver: chrome on WINDOWS (babcd1ba4a1faf845832f6c87f68d577)] -> id: btnlogin]
Clicked on: [[ChromeDriver: chrome on WINDOWS (babcd1ba4a1faf845832f6c87f68d577)] -> id: btnlogin]
The path is E:\Pooja Workspace\EclipseWorkspaces\TestAutomation
Trying to find Element By : By.xpath: //img[@src='/Content/img/user.gif']
Found Element By : By.xpath: //img[@src='/Content/img/user.gif']
Trying to click on: [[ChromeDriver: chrome on WINDOWS (babcd1ba4a1faf845832f6c87f68d577)] -> xpath: //img[@src='/Content/img/user.gif']]
Clicked on: [[ChromeDriver: chrome on WINDOWS (babcd1ba4a1faf845832f6c87f68d577)] -> xpath: //img[@src='/Content/img/user.gif']]
The path is E:\Pooja Workspace\EclipseWorkspaces\TestAutomation
Trying to find Element By : By.xpath: //h2[text()='Welcome to HSBC']
Found Element By : By.xpath: //h2[text()='Welcome to HSBC']
]]></system-out>
    <system-err><![CDATA[SLF4J: Failed to load class "org.slf4j.impl.StaticLoggerBinder".
SLF4J: Defaulting to no-operation (NOP) logger implementation
SLF4J: See http://www.slf4j.org/codes.html#StaticLoggerBinder for further details.
Starting ChromeDriver 131.0.6778.204 (52183f9e99a61056f9b78535f53d256f1516f2a0-refs/branch-heads/6778_155@{#7}) on port 24132
Only local connections are allowed.
Please see https://chromedriver.chromium.org/security-considerations for suggestions on keeping ChromeDriver safe.
ChromeDriver was started successfully on port 24132.
Dec 24, 2024 3:11:26 PM org.openqa.selenium.remote.ProtocolHandshake createSession
INFO: Detected dialect: W3C
]]></system-err>
  </testcase>
  <testcase name="loginPageTitleTest" classname="com.qa.testcases.LoginPageTest" time="0.015">
    <system-out><![CDATA[using chrome browser
The path is E:\Pooja Workspace\EclipseWorkspaces\TestAutomation
Before navigating to: 'http://192.168.40.55:8022/manuallogin'
Navigated to:'http://192.168.40.55:8022/manuallogin'
The path is E:\Pooja Workspace\EclipseWorkspaces\TestAutomation
]]></system-out>
    <system-err><![CDATA[Starting ChromeDriver 131.0.6778.204 (52183f9e99a61056f9b78535f53d256f1516f2a0-refs/branch-heads/6778_155@{#7}) on port 25292
Only local connections are allowed.
Please see https://chromedriver.chromium.org/security-considerations for suggestions on keeping ChromeDriver safe.
ChromeDriver was started successfully on port 25292.
Dec 24, 2024 3:11:38 PM org.openqa.selenium.remote.ProtocolHandshake createSession
INFO: Detected dialect: W3C
]]></system-err>
  </testcase>
  <testcase name="LogoTest" classname="com.qa.testcases.LoginPageTest" time="0.343">
    <system-out><![CDATA[using chrome browser
The path is E:\Pooja Workspace\EclipseWorkspaces\TestAutomation
Before navigating to: 'http://192.168.40.55:8022/manuallogin'
Navigated to:'http://192.168.40.55:8022/manuallogin'
The path is E:\Pooja Workspace\EclipseWorkspaces\TestAutomation
Trying to find Element By : By.xpath: //img[@src='/Content/img/logo.png']
Found Element By : By.xpath: //img[@src='/Content/img/logo.png']
]]></system-out>
    <system-err><![CDATA[Starting ChromeDriver 131.0.6778.204 (52183f9e99a61056f9b78535f53d256f1516f2a0-refs/branch-heads/6778_155@{#7}) on port 11080
Only local connections are allowed.
Please see https://chromedriver.chromium.org/security-considerations for suggestions on keeping ChromeDriver safe.
ChromeDriver was started successfully on port 11080.
Dec 24, 2024 3:11:42 PM org.openqa.selenium.remote.ProtocolHandshake createSession
INFO: Detected dialect: W3C
]]></system-err>
  </testcase>
  <testcase name="loginTest" classname="com.qa.testcases.LoginPageTest" time="0.651">
    <system-out><![CDATA[using chrome browser
The path is E:\Pooja Workspace\EclipseWorkspaces\TestAutomation
Before navigating to: 'http://192.168.40.55:8022/manuallogin'
Navigated to:'http://192.168.40.55:8022/manuallogin'
The path is E:\Pooja Workspace\EclipseWorkspaces\TestAutomation
Trying to find Element By : By.name: UserName
Found Element By : By.name: UserName
Trying to find Element By : By.name: Password
Found Element By : By.name: Password
Trying to find Element By : By.id: btnlogin
Found Element By : By.id: btnlogin
Trying to click on: [[ChromeDriver: chrome on WINDOWS (878192a270cdd625fc96a3cd10d9adce)] -> id: btnlogin]
Clicked on: [[ChromeDriver: chrome on WINDOWS (878192a270cdd625fc96a3cd10d9adce)] -> id: btnlogin]
The path is E:\Pooja Workspace\EclipseWorkspaces\TestAutomation
]]></system-out>
    <system-err><![CDATA[Starting ChromeDriver 131.0.6778.204 (52183f9e99a61056f9b78535f53d256f1516f2a0-refs/branch-heads/6778_155@{#7}) on port 44487
Only local connections are allowed.
Please see https://chromedriver.chromium.org/security-considerations for suggestions on keeping ChromeDriver safe.
ChromeDriver was started successfully on port 44487.
Dec 24, 2024 3:11:46 PM org.openqa.selenium.remote.ProtocolHandshake createSession
INFO: Detected dialect: W3C
]]></system-err>
  </testcase>
  <testcase name="verifyLandingPageTitleTest" classname="com.qa.testcases.LPtoAccOpenTest" time="0.708">
    <system-out><![CDATA[using chrome browser
The path is E:\Pooja Workspace\EclipseWorkspaces\TestAutomation
Before navigating to: 'http://192.168.40.55:8022/manuallogin'
Navigated to:'http://192.168.40.55:8022/manuallogin'
The path is E:\Pooja Workspace\EclipseWorkspaces\TestAutomation
The path is E:\Pooja Workspace\EclipseWorkspaces\TestAutomation
Trying to find Element By : By.name: UserName
Found Element By : By.name: UserName
Trying to find Element By : By.name: Password
Found Element By : By.name: Password
Trying to find Element By : By.id: btnlogin
Found Element By : By.id: btnlogin
Trying to click on: [[ChromeDriver: chrome on WINDOWS (44bcca46e63bd5b8053dcf90c1c478cb)] -> id: btnlogin]
Clicked on: [[ChromeDriver: chrome on WINDOWS (44bcca46e63bd5b8053dcf90c1c478cb)] -> id: btnlogin]
The path is E:\Pooja Workspace\EclipseWorkspaces\TestAutomation
]]></system-out>
    <system-err><![CDATA[Starting ChromeDriver 131.0.6778.204 (52183f9e99a61056f9b78535f53d256f1516f2a0-refs/branch-heads/6778_155@{#7}) on port 27528
Only local connections are allowed.
Please see https://chromedriver.chromium.org/security-considerations for suggestions on keeping ChromeDriver safe.
ChromeDriver was started successfully on port 27528.
Dec 24, 2024 3:11:51 PM org.openqa.selenium.remote.ProtocolHandshake createSession
INFO: Detected dialect: W3C
]]></system-err>
  </testcase>
  <testcase name="verifyLogonToLabelTest" classname="com.qa.testcases.LPtoAccOpenTest" time="0.444">
    <system-out><![CDATA[using chrome browser
The path is E:\Pooja Workspace\EclipseWorkspaces\TestAutomation
Before navigating to: 'http://192.168.40.55:8022/manuallogin'
Navigated to:'http://192.168.40.55:8022/manuallogin'
The path is E:\Pooja Workspace\EclipseWorkspaces\TestAutomation
The path is E:\Pooja Workspace\EclipseWorkspaces\TestAutomation
Trying to find Element By : By.name: UserName
Found Element By : By.name: UserName
Trying to find Element By : By.name: Password
Found Element By : By.name: Password
Trying to find Element By : By.id: btnlogin
Found Element By : By.id: btnlogin
Trying to click on: [[ChromeDriver: chrome on WINDOWS (c7665e2d69f03bafbfa5f72048834d2e)] -> id: btnlogin]
Clicked on: [[ChromeDriver: chrome on WINDOWS (c7665e2d69f03bafbfa5f72048834d2e)] -> id: btnlogin]
The path is E:\Pooja Workspace\EclipseWorkspaces\TestAutomation
Trying to find Element By : By.xpath: //strong[normalize-space()='Log-on to ?']
Found Element By : By.xpath: //strong[normalize-space()='Log-on to ?']
]]></system-out>
    <system-err><![CDATA[Starting ChromeDriver 131.0.6778.204 (52183f9e99a61056f9b78535f53d256f1516f2a0-refs/branch-heads/6778_155@{#7}) on port 32870
Only local connections are allowed.
Please see https://chromedriver.chromium.org/security-considerations for suggestions on keeping ChromeDriver safe.
ChromeDriver was started successfully on port 32870.
Dec 24, 2024 3:11:59 PM org.openqa.selenium.remote.ProtocolHandshake createSession
INFO: Detected dialect: W3C
]]></system-err>
  </testcase>
  <testcase name="verifyAccOpeningJourneyTest" classname="com.qa.testcases.LPtoAccOpenTest" time="1.504">
    <system-out><![CDATA[using chrome browser
The path is E:\Pooja Workspace\EclipseWorkspaces\TestAutomation
Before navigating to: 'http://192.168.40.55:8022/manuallogin'
Navigated to:'http://192.168.40.55:8022/manuallogin'
The path is E:\Pooja Workspace\EclipseWorkspaces\TestAutomation
The path is E:\Pooja Workspace\EclipseWorkspaces\TestAutomation
Trying to find Element By : By.name: UserName
Found Element By : By.name: UserName
Trying to find Element By : By.name: Password
Found Element By : By.name: Password
Trying to find Element By : By.id: btnlogin
Found Element By : By.id: btnlogin
Trying to click on: [[ChromeDriver: chrome on WINDOWS (0603f3c2442db826e2d0925dfa8663ba)] -> id: btnlogin]
Clicked on: [[ChromeDriver: chrome on WINDOWS (0603f3c2442db826e2d0925dfa8663ba)] -> id: btnlogin]
The path is E:\Pooja Workspace\EclipseWorkspaces\TestAutomation
Trying to find Element By : By.xpath: //img[@src='/Content/img/user.gif']
Found Element By : By.xpath: //img[@src='/Content/img/user.gif']
Trying to click on: [[ChromeDriver: chrome on WINDOWS (0603f3c2442db826e2d0925dfa8663ba)] -> xpath: //img[@src='/Content/img/user.gif']]
Clicked on: [[ChromeDriver: chrome on WINDOWS (0603f3c2442db826e2d0925dfa8663ba)] -> xpath: //img[@src='/Content/img/user.gif']]
The path is E:\Pooja Workspace\EclipseWorkspaces\TestAutomation
]]></system-out>
    <system-err><![CDATA[Starting ChromeDriver 131.0.6778.204 (52183f9e99a61056f9b78535f53d256f1516f2a0-refs/branch-heads/6778_155@{#7}) on port 39567
Only local connections are allowed.
Please see https://chromedriver.chromium.org/security-considerations for suggestions on keeping ChromeDriver safe.
ChromeDriver was started successfully on port 39567.
Dec 24, 2024 3:12:06 PM org.openqa.selenium.remote.ProtocolHandshake createSession
INFO: Detected dialect: W3C
]]></system-err>
  </testcase>
  <testcase name="verifyCommandCentralTest" classname="com.qa.testcases.LPtoAccOpenTest" time="1.995">
    <system-out><![CDATA[using chrome browser
The path is E:\Pooja Workspace\EclipseWorkspaces\TestAutomation
Before navigating to: 'http://192.168.40.55:8022/manuallogin'
Navigated to:'http://192.168.40.55:8022/manuallogin'
The path is E:\Pooja Workspace\EclipseWorkspaces\TestAutomation
The path is E:\Pooja Workspace\EclipseWorkspaces\TestAutomation
Trying to find Element By : By.name: UserName
Found Element By : By.name: UserName
Trying to find Element By : By.name: Password
Found Element By : By.name: Password
Trying to find Element By : By.id: btnlogin
Found Element By : By.id: btnlogin
Trying to click on: [[ChromeDriver: chrome on WINDOWS (01ecb632755c360d22a958fecabbc44f)] -> id: btnlogin]
Clicked on: [[ChromeDriver: chrome on WINDOWS (01ecb632755c360d22a958fecabbc44f)] -> id: btnlogin]
The path is E:\Pooja Workspace\EclipseWorkspaces\TestAutomation
Trying to find Element By : By.xpath: //img[@src='/Content/img/admin.jpg']
Found Element By : By.xpath: //img[@src='/Content/img/admin.jpg']
Trying to click on: [[ChromeDriver: chrome on WINDOWS (01ecb632755c360d22a958fecabbc44f)] -> xpath: //img[@src='/Content/img/admin.jpg']]
Clicked on: [[ChromeDriver: chrome on WINDOWS (01ecb632755c360d22a958fecabbc44f)] -> xpath: //img[@src='/Content/img/admin.jpg']]
The path is E:\Pooja Workspace\EclipseWorkspaces\TestAutomation
]]></system-out>
    <system-err><![CDATA[Starting ChromeDriver 131.0.6778.204 (52183f9e99a61056f9b78535f53d256f1516f2a0-refs/branch-heads/6778_155@{#7}) on port 7567
Only local connections are allowed.
Please see https://chromedriver.chromium.org/security-considerations for suggestions on keeping ChromeDriver safe.
ChromeDriver was started successfully on port 7567.
Dec 24, 2024 3:12:13 PM org.openqa.selenium.remote.ProtocolHandshake createSession
INFO: Detected dialect: W3C
]]></system-err>
  </testcase>
  <testcase name="verifyLandingPageTitleTest" classname="com.qa.testcases.LPtoCmdCentralTest" time="0.051">
    <system-out><![CDATA[using chrome browser
The path is E:\Pooja Workspace\EclipseWorkspaces\TestAutomation
Before navigating to: 'http://192.168.40.55:8022/manuallogin'
Navigated to:'http://192.168.40.55:8022/manuallogin'
The path is E:\Pooja Workspace\EclipseWorkspaces\TestAutomation
The path is E:\Pooja Workspace\EclipseWorkspaces\TestAutomation
Trying to find Element By : By.name: UserName
Found Element By : By.name: UserName
Trying to find Element By : By.name: Password
Found Element By : By.name: Password
Trying to find Element By : By.id: btnlogin
Found Element By : By.id: btnlogin
Trying to click on: [[ChromeDriver: chrome on WINDOWS (5438ff6ec74fbbb83b96d0e5ed4fd6ca)] -> id: btnlogin]
Clicked on: [[ChromeDriver: chrome on WINDOWS (5438ff6ec74fbbb83b96d0e5ed4fd6ca)] -> id: btnlogin]
The path is E:\Pooja Workspace\EclipseWorkspaces\TestAutomation
]]></system-out>
    <system-err><![CDATA[Starting ChromeDriver 131.0.6778.204 (52183f9e99a61056f9b78535f53d256f1516f2a0-refs/branch-heads/6778_155@{#7}) on port 8733
Only local connections are allowed.
Please see https://chromedriver.chromium.org/security-considerations for suggestions on keeping ChromeDriver safe.
ChromeDriver was started successfully on port 8733.
Dec 24, 2024 3:12:20 PM org.openqa.selenium.remote.ProtocolHandshake createSession
INFO: Detected dialect: W3C
]]></system-err>
  </testcase>
  <testcase name="verifyLogonToLabelTest" classname="com.qa.testcases.LPtoCmdCentralTest" time="0.09">
    <system-out><![CDATA[using chrome browser
The path is E:\Pooja Workspace\EclipseWorkspaces\TestAutomation
Before navigating to: 'http://192.168.40.55:8022/manuallogin'
Navigated to:'http://192.168.40.55:8022/manuallogin'
The path is E:\Pooja Workspace\EclipseWorkspaces\TestAutomation
The path is E:\Pooja Workspace\EclipseWorkspaces\TestAutomation
Trying to find Element By : By.name: UserName
Found Element By : By.name: UserName
Trying to find Element By : By.name: Password
Found Element By : By.name: Password
Trying to find Element By : By.id: btnlogin
Found Element By : By.id: btnlogin
Trying to click on: [[ChromeDriver: chrome on WINDOWS (5625cc56b654e8e5b18904763074baea)] -> id: btnlogin]
Clicked on: [[ChromeDriver: chrome on WINDOWS (5625cc56b654e8e5b18904763074baea)] -> id: btnlogin]
The path is E:\Pooja Workspace\EclipseWorkspaces\TestAutomation
Trying to find Element By : By.xpath: //strong[normalize-space()='Log-on to ?']
Found Element By : By.xpath: //strong[normalize-space()='Log-on to ?']
]]></system-out>
    <system-err><![CDATA[Starting ChromeDriver 131.0.6778.204 (52183f9e99a61056f9b78535f53d256f1516f2a0-refs/branch-heads/6778_155@{#7}) on port 20410
Only local connections are allowed.
Please see https://chromedriver.chromium.org/security-considerations for suggestions on keeping ChromeDriver safe.
ChromeDriver was started successfully on port 20410.
Dec 24, 2024 3:12:24 PM org.openqa.selenium.remote.ProtocolHandshake createSession
INFO: Detected dialect: W3C
]]></system-err>
  </testcase>
  <testcase name="verifyCommandCentralTest" classname="com.qa.testcases.LPtoCmdCentralTest" time="2.401">
    <system-out><![CDATA[using chrome browser
The path is E:\Pooja Workspace\EclipseWorkspaces\TestAutomation
Before navigating to: 'http://192.168.40.55:8022/manuallogin'
Navigated to:'http://192.168.40.55:8022/manuallogin'
The path is E:\Pooja Workspace\EclipseWorkspaces\TestAutomation
The path is E:\Pooja Workspace\EclipseWorkspaces\TestAutomation
Trying to find Element By : By.name: UserName
Found Element By : By.name: UserName
Trying to find Element By : By.name: Password
Found Element By : By.name: Password
Trying to find Element By : By.id: btnlogin
Found Element By : By.id: btnlogin
Trying to click on: [[ChromeDriver: chrome on WINDOWS (5c68c9af6cfc6a7a337679e65c924b75)] -> id: btnlogin]
Clicked on: [[ChromeDriver: chrome on WINDOWS (5c68c9af6cfc6a7a337679e65c924b75)] -> id: btnlogin]
The path is E:\Pooja Workspace\EclipseWorkspaces\TestAutomation
Trying to find Element By : By.xpath: //img[@src='/Content/img/admin.jpg']
Found Element By : By.xpath: //img[@src='/Content/img/admin.jpg']
Trying to click on: [[ChromeDriver: chrome on WINDOWS (5c68c9af6cfc6a7a337679e65c924b75)] -> xpath: //img[@src='/Content/img/admin.jpg']]
Clicked on: [[ChromeDriver: chrome on WINDOWS (5c68c9af6cfc6a7a337679e65c924b75)] -> xpath: //img[@src='/Content/img/admin.jpg']]
The path is E:\Pooja Workspace\EclipseWorkspaces\TestAutomation
]]></system-out>
    <system-err><![CDATA[Starting ChromeDriver 131.0.6778.204 (52183f9e99a61056f9b78535f53d256f1516f2a0-refs/branch-heads/6778_155@{#7}) on port 28481
Only local connections are allowed.
Please see https://chromedriver.chromium.org/security-considerations for suggestions on keeping ChromeDriver safe.
ChromeDriver was started successfully on port 28481.
Dec 24, 2024 3:12:32 PM org.openqa.selenium.remote.ProtocolHandshake createSession
INFO: Detected dialect: W3C
]]></system-err>
  </testcase>
  <testcase name="validateCreateNewUser[Pooja, C0554147, 9.685745632E9, pooja@gmail.com, Main Branch, Mumbai, ACE ADMIN, Branch Banking, Karan Singh](1)" classname="com.qa.testcases.UserPageTest" time="3.386">
    <system-out><![CDATA[2024-12-24T09:42:39.033013200Z main ERROR Log4j2 could not find a logging implementation. Please add log4j-core to the classpath. Using SimpleLogger to log to the console...
Pooja
C0554147
9.685745632E9
pooja@gmail.com
Main Branch, Mumbai
ACE ADMIN
Branch Banking
Karan Singh
Test1
C0554148
9.685745633E9
test1@gmail.com
UAE
Frontline
MSF
Karan Singh
Test2
C0554149
9.685745634E9
test2@gmail.com
Hyderabad
Business
User Admin
Karan Singh
Test3
C0554150
9.685745634E9
test3@gmail.com
Jaipur
ACE ADMIN
Branch Banking
Karan Singh
using chrome browser
The path is E:\Pooja Workspace\EclipseWorkspaces\TestAutomation
Before navigating to: 'http://192.168.40.55:8022/manuallogin'
Navigated to:'http://192.168.40.55:8022/manuallogin'
The path is E:\Pooja Workspace\EclipseWorkspaces\TestAutomation
Trying to find Element By : By.name: UserName
Found Element By : By.name: UserName
Trying to find Element By : By.name: Password
Found Element By : By.name: Password
Trying to find Element By : By.id: btnlogin
Found Element By : By.id: btnlogin
Trying to click on: [[ChromeDriver: chrome on WINDOWS (3c1ddee789d6f808c681d70a4a4eeb6a)] -> id: btnlogin]
Clicked on: [[ChromeDriver: chrome on WINDOWS (3c1ddee789d6f808c681d70a4a4eeb6a)] -> id: btnlogin]
The path is E:\Pooja Workspace\EclipseWorkspaces\TestAutomation
Trying to find Element By : By.xpath: //img[@src='/Content/img/admin.jpg']
Found Element By : By.xpath: //img[@src='/Content/img/admin.jpg']
Trying to click on: [[ChromeDriver: chrome on WINDOWS (3c1ddee789d6f808c681d70a4a4eeb6a)] -> xpath: //img[@src='/Content/img/admin.jpg']]
Clicked on: [[ChromeDriver: chrome on WINDOWS (3c1ddee789d6f808c681d70a4a4eeb6a)] -> xpath: //img[@src='/Content/img/admin.jpg']]
The path is E:\Pooja Workspace\EclipseWorkspaces\TestAutomation
mnu_Masters.click();
Trying to find Element By : By.xpath: //p[normalize-space()='Masters']
Found Element By : By.xpath: //p[normalize-space()='Masters']
Trying to click on: [[ChromeDriver: chrome on WINDOWS (3c1ddee789d6f808c681d70a4a4eeb6a)] -> xpath: //p[normalize-space()='Masters']]
Clicked on: [[ChromeDriver: chrome on WINDOWS (3c1ddee789d6f808c681d70a4a4eeb6a)] -> xpath: //p[normalize-space()='Masters']]
Trying to find Element By : By.xpath: //p[normalize-space()='User']
Found Element By : By.xpath: //p[normalize-space()='User']
Trying to click on: [[ChromeDriver: chrome on WINDOWS (3c1ddee789d6f808c681d70a4a4eeb6a)] -> xpath: //p[normalize-space()='User']]
Clicked on: [[ChromeDriver: chrome on WINDOWS (3c1ddee789d6f808c681d70a4a4eeb6a)] -> xpath: //p[normalize-space()='User']]
The path is E:\Pooja Workspace\EclipseWorkspaces\TestAutomation
Trying to find Element By : By.xpath: //button[@id='usermodal']
Found Element By : By.xpath: //button[@id='usermodal']
Trying to click on: [[ChromeDriver: chrome on WINDOWS (3c1ddee789d6f808c681d70a4a4eeb6a)] -> xpath: //button[@id='usermodal']]
Clicked on: [[ChromeDriver: chrome on WINDOWS (3c1ddee789d6f808c681d70a4a4eeb6a)] -> xpath: //button[@id='usermodal']]
Trying to find Element By : By.xpath: //input[@id='username']
Found Element By : By.xpath: //input[@id='username']
Trying to find Element By : By.xpath: //input[@id='userid']
Found Element By : By.xpath: //input[@id='userid']
Trying to find Element By : By.xpath: //input[@id='txtuserMobileNo']
Found Element By : By.xpath: //input[@id='txtuserMobileNo']
Trying to find Element By : By.xpath: //input[@id='txtuserMailId']
Found Element By : By.xpath: //input[@id='txtuserMailId']
Trying to find Element By : By.id: branchselect
Found Element By : By.id: branchselect
Trying to find Element By : By.id: branchselect
Found Element By : By.id: branchselect
Trying to find Element By : By.id: branchselect
Found Element By : By.id: branchselect
Trying to find Element By : By.xpath: .//option[normalize-space(.) = "Main Branch, Mumbai"]
Found Element By : By.xpath: .//option[normalize-space(.) = "Main Branch, Mumbai"]
Trying to click on: [[[[ChromeDriver: chrome on WINDOWS (3c1ddee789d6f808c681d70a4a4eeb6a)] -> id: branchselect]] -> xpath: .//option[normalize-space(.) = "Main Branch, Mumbai"]]
Clicked on: [[[[ChromeDriver: chrome on WINDOWS (3c1ddee789d6f808c681d70a4a4eeb6a)] -> id: branchselect]] -> xpath: .//option[normalize-space(.) = "Main Branch, Mumbai"]]
Trying to find Element By : By.id: roleselect
Found Element By : By.id: roleselect
Trying to find Element By : By.id: roleselect
Found Element By : By.id: roleselect
Trying to find Element By : By.id: roleselect
Found Element By : By.id: roleselect
Trying to find Element By : By.xpath: .//option[normalize-space(.) = "ACE ADMIN"]
Found Element By : By.xpath: .//option[normalize-space(.) = "ACE ADMIN"]
Trying to click on: [[[[ChromeDriver: chrome on WINDOWS (3c1ddee789d6f808c681d70a4a4eeb6a)] -> id: roleselect]] -> xpath: .//option[normalize-space(.) = "ACE ADMIN"]]
Clicked on: [[[[ChromeDriver: chrome on WINDOWS (3c1ddee789d6f808c681d70a4a4eeb6a)] -> id: roleselect]] -> xpath: .//option[normalize-space(.) = "ACE ADMIN"]]
Trying to find Element By : By.id: groupselect
Found Element By : By.id: groupselect
Trying to find Element By : By.id: groupselect
Found Element By : By.id: groupselect
Trying to find Element By : By.id: groupselect
Found Element By : By.id: groupselect
Trying to find Element By : By.xpath: .//option[normalize-space(.) = "Branch Banking"]
Found Element By : By.xpath: .//option[normalize-space(.) = "Branch Banking"]
Trying to click on: [[[[ChromeDriver: chrome on WINDOWS (3c1ddee789d6f808c681d70a4a4eeb6a)] -> id: groupselect]] -> xpath: .//option[normalize-space(.) = "Branch Banking"]]
Clicked on: [[[[ChromeDriver: chrome on WINDOWS (3c1ddee789d6f808c681d70a4a4eeb6a)] -> id: groupselect]] -> xpath: .//option[normalize-space(.) = "Branch Banking"]]
Trying to find Element By : By.id: manager
Found Element By : By.id: manager
Trying to find Element By : By.id: manager
Found Element By : By.id: manager
Trying to find Element By : By.id: manager
Found Element By : By.id: manager
Trying to find Element By : By.xpath: .//option[normalize-space(.) = "Karan Singh"]
Found Element By : By.xpath: .//option[normalize-space(.) = "Karan Singh"]
Trying to click on: [[[[ChromeDriver: chrome on WINDOWS (3c1ddee789d6f808c681d70a4a4eeb6a)] -> id: manager]] -> xpath: .//option[normalize-space(.) = "Karan Singh"]]
Clicked on: [[[[ChromeDriver: chrome on WINDOWS (3c1ddee789d6f808c681d70a4a4eeb6a)] -> id: manager]] -> xpath: .//option[normalize-space(.) = "Karan Singh"]]
Trying to find Element By : By.xpath: //input[@id='modalSaveBtn']
Found Element By : By.xpath: //input[@id='modalSaveBtn']
Trying to click on: [[ChromeDriver: chrome on WINDOWS (3c1ddee789d6f808c681d70a4a4eeb6a)] -> xpath: //input[@id='modalSaveBtn']]
Clicked on: [[ChromeDriver: chrome on WINDOWS (3c1ddee789d6f808c681d70a4a4eeb6a)] -> xpath: //input[@id='modalSaveBtn']]
]]></system-out>
    <system-err><![CDATA[Starting ChromeDriver 131.0.6778.204 (52183f9e99a61056f9b78535f53d256f1516f2a0-refs/branch-heads/6778_155@{#7}) on port 47265
Only local connections are allowed.
Please see https://chromedriver.chromium.org/security-considerations for suggestions on keeping ChromeDriver safe.
ChromeDriver was started successfully on port 47265.
Dec 24, 2024 3:12:41 PM org.openqa.selenium.remote.ProtocolHandshake createSession
INFO: Detected dialect: W3C
]]></system-err>
  </testcase>
  <testcase name="validateCreateNewUser[Test1, C0554148, 9.685745633E9, test1@gmail.com, UAE, Frontline, MSF, Karan Singh](2)" classname="com.qa.testcases.UserPageTest" time="3.158">
    <system-out><![CDATA[using chrome browser
The path is E:\Pooja Workspace\EclipseWorkspaces\TestAutomation
Before navigating to: 'http://192.168.40.55:8022/manuallogin'
Navigated to:'http://192.168.40.55:8022/manuallogin'
The path is E:\Pooja Workspace\EclipseWorkspaces\TestAutomation
Trying to find Element By : By.name: UserName
Found Element By : By.name: UserName
Trying to find Element By : By.name: Password
Found Element By : By.name: Password
Trying to find Element By : By.id: btnlogin
Found Element By : By.id: btnlogin
Trying to click on: [[ChromeDriver: chrome on WINDOWS (f7dcb56eb2c50712d695e30c2e8e52fc)] -> id: btnlogin]
Clicked on: [[ChromeDriver: chrome on WINDOWS (f7dcb56eb2c50712d695e30c2e8e52fc)] -> id: btnlogin]
The path is E:\Pooja Workspace\EclipseWorkspaces\TestAutomation
Trying to find Element By : By.xpath: //img[@src='/Content/img/admin.jpg']
Found Element By : By.xpath: //img[@src='/Content/img/admin.jpg']
Trying to click on: [[ChromeDriver: chrome on WINDOWS (f7dcb56eb2c50712d695e30c2e8e52fc)] -> xpath: //img[@src='/Content/img/admin.jpg']]
Clicked on: [[ChromeDriver: chrome on WINDOWS (f7dcb56eb2c50712d695e30c2e8e52fc)] -> xpath: //img[@src='/Content/img/admin.jpg']]
The path is E:\Pooja Workspace\EclipseWorkspaces\TestAutomation
mnu_Masters.click();
Trying to find Element By : By.xpath: //p[normalize-space()='Masters']
Found Element By : By.xpath: //p[normalize-space()='Masters']
Trying to click on: [[ChromeDriver: chrome on WINDOWS (f7dcb56eb2c50712d695e30c2e8e52fc)] -> xpath: //p[normalize-space()='Masters']]
Clicked on: [[ChromeDriver: chrome on WINDOWS (f7dcb56eb2c50712d695e30c2e8e52fc)] -> xpath: //p[normalize-space()='Masters']]
Trying to find Element By : By.xpath: //p[normalize-space()='User']
Found Element By : By.xpath: //p[normalize-space()='User']
Trying to click on: [[ChromeDriver: chrome on WINDOWS (f7dcb56eb2c50712d695e30c2e8e52fc)] -> xpath: //p[normalize-space()='User']]
Clicked on: [[ChromeDriver: chrome on WINDOWS (f7dcb56eb2c50712d695e30c2e8e52fc)] -> xpath: //p[normalize-space()='User']]
The path is E:\Pooja Workspace\EclipseWorkspaces\TestAutomation
Trying to find Element By : By.xpath: //button[@id='usermodal']
Found Element By : By.xpath: //button[@id='usermodal']
Trying to click on: [[ChromeDriver: chrome on WINDOWS (f7dcb56eb2c50712d695e30c2e8e52fc)] -> xpath: //button[@id='usermodal']]
Clicked on: [[ChromeDriver: chrome on WINDOWS (f7dcb56eb2c50712d695e30c2e8e52fc)] -> xpath: //button[@id='usermodal']]
Trying to find Element By : By.xpath: //input[@id='username']
Found Element By : By.xpath: //input[@id='username']
Trying to find Element By : By.xpath: //input[@id='userid']
Found Element By : By.xpath: //input[@id='userid']
Trying to find Element By : By.xpath: //input[@id='txtuserMobileNo']
Found Element By : By.xpath: //input[@id='txtuserMobileNo']
Trying to find Element By : By.xpath: //input[@id='txtuserMailId']
Found Element By : By.xpath: //input[@id='txtuserMailId']
Trying to find Element By : By.id: branchselect
Found Element By : By.id: branchselect
Trying to find Element By : By.id: branchselect
Found Element By : By.id: branchselect
Trying to find Element By : By.id: branchselect
Found Element By : By.id: branchselect
Trying to find Element By : By.xpath: .//option[normalize-space(.) = "UAE"]
Found Element By : By.xpath: .//option[normalize-space(.) = "UAE"]
Trying to click on: [[[[ChromeDriver: chrome on WINDOWS (f7dcb56eb2c50712d695e30c2e8e52fc)] -> id: branchselect]] -> xpath: .//option[normalize-space(.) = "UAE"]]
Clicked on: [[[[ChromeDriver: chrome on WINDOWS (f7dcb56eb2c50712d695e30c2e8e52fc)] -> id: branchselect]] -> xpath: .//option[normalize-space(.) = "UAE"]]
Trying to find Element By : By.id: roleselect
Found Element By : By.id: roleselect
Trying to find Element By : By.id: roleselect
Found Element By : By.id: roleselect
Trying to find Element By : By.id: roleselect
Found Element By : By.id: roleselect
Trying to find Element By : By.xpath: .//option[normalize-space(.) = "Frontline"]
Found Element By : By.xpath: .//option[normalize-space(.) = "Frontline"]
Trying to click on: [[[[ChromeDriver: chrome on WINDOWS (f7dcb56eb2c50712d695e30c2e8e52fc)] -> id: roleselect]] -> xpath: .//option[normalize-space(.) = "Frontline"]]
Clicked on: [[[[ChromeDriver: chrome on WINDOWS (f7dcb56eb2c50712d695e30c2e8e52fc)] -> id: roleselect]] -> xpath: .//option[normalize-space(.) = "Frontline"]]
Trying to find Element By : By.id: groupselect
Found Element By : By.id: groupselect
Trying to find Element By : By.id: groupselect
Found Element By : By.id: groupselect
Trying to find Element By : By.id: groupselect
Found Element By : By.id: groupselect
Trying to find Element By : By.xpath: .//option[normalize-space(.) = "MSF"]
Found Element By : By.xpath: .//option[normalize-space(.) = "MSF"]
Trying to click on: [[[[ChromeDriver: chrome on WINDOWS (f7dcb56eb2c50712d695e30c2e8e52fc)] -> id: groupselect]] -> xpath: .//option[normalize-space(.) = "MSF"]]
Clicked on: [[[[ChromeDriver: chrome on WINDOWS (f7dcb56eb2c50712d695e30c2e8e52fc)] -> id: groupselect]] -> xpath: .//option[normalize-space(.) = "MSF"]]
Trying to find Element By : By.id: manager
Found Element By : By.id: manager
Trying to find Element By : By.id: manager
Found Element By : By.id: manager
Trying to find Element By : By.id: manager
Found Element By : By.id: manager
Trying to find Element By : By.xpath: .//option[normalize-space(.) = "Karan Singh"]
Found Element By : By.xpath: .//option[normalize-space(.) = "Karan Singh"]
Trying to click on: [[[[ChromeDriver: chrome on WINDOWS (f7dcb56eb2c50712d695e30c2e8e52fc)] -> id: manager]] -> xpath: .//option[normalize-space(.) = "Karan Singh"]]
Clicked on: [[[[ChromeDriver: chrome on WINDOWS (f7dcb56eb2c50712d695e30c2e8e52fc)] -> id: manager]] -> xpath: .//option[normalize-space(.) = "Karan Singh"]]
Trying to find Element By : By.xpath: //input[@id='modalSaveBtn']
Found Element By : By.xpath: //input[@id='modalSaveBtn']
Trying to click on: [[ChromeDriver: chrome on WINDOWS (f7dcb56eb2c50712d695e30c2e8e52fc)] -> xpath: //input[@id='modalSaveBtn']]
Clicked on: [[ChromeDriver: chrome on WINDOWS (f7dcb56eb2c50712d695e30c2e8e52fc)] -> xpath: //input[@id='modalSaveBtn']]
]]></system-out>
    <system-err><![CDATA[Starting ChromeDriver 131.0.6778.204 (52183f9e99a61056f9b78535f53d256f1516f2a0-refs/branch-heads/6778_155@{#7}) on port 37962
Only local connections are allowed.
Please see https://chromedriver.chromium.org/security-considerations for suggestions on keeping ChromeDriver safe.
ChromeDriver was started successfully on port 37962.
Dec 24, 2024 3:12:52 PM org.openqa.selenium.remote.ProtocolHandshake createSession
INFO: Detected dialect: W3C
]]></system-err>
  </testcase>
  <testcase name="validateCreateNewUser[Test2, C0554149, 9.685745634E9, test2@gmail.com, Hyderabad, Business, User Admin, Karan Singh](3)" classname="com.qa.testcases.UserPageTest" time="22.2">
    <failure message="Cannot locate element with text: User Admin&#10;For documentation on this error, please visit: http://seleniumhq.org/exceptions/no_such_element.html&#10;Build info: version: &apos;3.14.0&apos;, revision: &apos;aacccce0&apos;, time: &apos;2018-08-02T20:19:58.91Z&apos;&#10;System info: host: &apos;POOJAN-D&apos;, ip: &apos;192.168.40.55&apos;, os.name: &apos;Windows 10&apos;, os.arch: &apos;amd64&apos;, os.version: &apos;10.0&apos;, java.version: &apos;17.0.12&apos;&#10;Driver info: driver.version: unknown" type="org.openqa.selenium.NoSuchElementException"><![CDATA[org.openqa.selenium.NoSuchElementException: 
Cannot locate element with text: User Admin
For documentation on this error, please visit: http://seleniumhq.org/exceptions/no_such_element.html
Build info: version: '3.14.0', revision: 'aacccce0', time: '2018-08-02T20:19:58.91Z'
System info: host: 'POOJAN-D', ip: '192.168.40.55', os.name: 'Windows 10', os.arch: 'amd64', os.version: '10.0', java.version: '17.0.12'
Driver info: driver.version: unknown
	at org.openqa.selenium.support.ui.Select.selectByVisibleText(Select.java:151)
	at com.qa.pages.UserPage.createNewUser(UserPage.java:69)
	at com.qa.testcases.UserPageTest.validateCreateNewUser(UserPageTest.java:50)
	at java.base/jdk.internal.reflect.NativeMethodAccessorImpl.invoke0(Native Method)
	at java.base/jdk.internal.reflect.NativeMethodAccessorImpl.invoke(NativeMethodAccessorImpl.java:77)
	at java.base/jdk.internal.reflect.DelegatingMethodAccessorImpl.invoke(DelegatingMethodAccessorImpl.java:43)
	at java.base/java.lang.reflect.Method.invoke(Method.java:568)
	at org.testng.internal.invokers.MethodInvocationHelper.invokeMethod(MethodInvocationHelper.java:141)
	at org.testng.internal.invokers.TestInvoker.invokeMethod(TestInvoker.java:686)
	at org.testng.internal.invokers.TestInvoker.invokeTestMethod(TestInvoker.java:230)
	at org.testng.internal.invokers.MethodRunner.runInSequence(MethodRunner.java:63)
	at org.testng.internal.invokers.TestInvoker$MethodInvocationAgent.invoke(TestInvoker.java:992)
	at org.testng.internal.invokers.TestInvoker.invokeTestMethods(TestInvoker.java:203)
	at org.testng.internal.invokers.TestMethodWorker.invokeTestMethods(TestMethodWorker.java:154)
	at org.testng.internal.invokers.TestMethodWorker.run(TestMethodWorker.java:134)
	at java.base/java.util.ArrayList.forEach(ArrayList.java:1511)
	at org.testng.TestRunner.privateRun(TestRunner.java:739)
	at org.testng.TestRunner.run(TestRunner.java:614)
	at org.testng.SuiteRunner.runTest(SuiteRunner.java:421)
	at org.testng.SuiteRunner.runSequentially(SuiteRunner.java:413)
	at org.testng.SuiteRunner.privateRun(SuiteRunner.java:373)
	at org.testng.SuiteRunner.run(SuiteRunner.java:312)
	at org.testng.SuiteRunnerWorker.runSuite(SuiteRunnerWorker.java:52)
	at org.testng.SuiteRunnerWorker.run(SuiteRunnerWorker.java:95)
	at org.testng.TestNG.runSuitesSequentially(TestNG.java:1274)
	at org.testng.TestNG.runSuitesLocally(TestNG.java:1208)
	at org.testng.TestNG.runSuites(TestNG.java:1112)
	at org.testng.TestNG.run(TestNG.java:1079)
	at org.apache.maven.surefire.testng.TestNGExecutor.run(TestNGExecutor.java:155)
	at org.apache.maven.surefire.testng.TestNGDirectoryTestSuite.executeMulti(TestNGDirectoryTestSuite.java:169)
	at org.apache.maven.surefire.testng.TestNGDirectoryTestSuite.execute(TestNGDirectoryTestSuite.java:88)
	at org.apache.maven.surefire.testng.TestNGProvider.invoke(TestNGProvider.java:137)
	at org.apache.maven.surefire.booter.ForkedBooter.runSuitesInProcess(ForkedBooter.java:385)
	at org.apache.maven.surefire.booter.ForkedBooter.execute(ForkedBooter.java:162)
	at org.apache.maven.surefire.booter.ForkedBooter.run(ForkedBooter.java:507)
	at org.apache.maven.surefire.booter.ForkedBooter.main(ForkedBooter.java:495)
]]></failure>
    <system-out><![CDATA[using chrome browser
The path is E:\Pooja Workspace\EclipseWorkspaces\TestAutomation
Before navigating to: 'http://192.168.40.55:8022/manuallogin'
Navigated to:'http://192.168.40.55:8022/manuallogin'
The path is E:\Pooja Workspace\EclipseWorkspaces\TestAutomation
Trying to find Element By : By.name: UserName
Found Element By : By.name: UserName
Trying to find Element By : By.name: Password
Found Element By : By.name: Password
Trying to find Element By : By.id: btnlogin
Found Element By : By.id: btnlogin
Trying to click on: [[ChromeDriver: chrome on WINDOWS (8d3e839a1deafa83ac0424df3787e912)] -> id: btnlogin]
Clicked on: [[ChromeDriver: chrome on WINDOWS (8d3e839a1deafa83ac0424df3787e912)] -> id: btnlogin]
The path is E:\Pooja Workspace\EclipseWorkspaces\TestAutomation
Trying to find Element By : By.xpath: //img[@src='/Content/img/admin.jpg']
Found Element By : By.xpath: //img[@src='/Content/img/admin.jpg']
Trying to click on: [[ChromeDriver: chrome on WINDOWS (8d3e839a1deafa83ac0424df3787e912)] -> xpath: //img[@src='/Content/img/admin.jpg']]
Clicked on: [[ChromeDriver: chrome on WINDOWS (8d3e839a1deafa83ac0424df3787e912)] -> xpath: //img[@src='/Content/img/admin.jpg']]
The path is E:\Pooja Workspace\EclipseWorkspaces\TestAutomation
mnu_Masters.click();
Trying to find Element By : By.xpath: //p[normalize-space()='Masters']
Found Element By : By.xpath: //p[normalize-space()='Masters']
Trying to click on: [[ChromeDriver: chrome on WINDOWS (8d3e839a1deafa83ac0424df3787e912)] -> xpath: //p[normalize-space()='Masters']]
Clicked on: [[ChromeDriver: chrome on WINDOWS (8d3e839a1deafa83ac0424df3787e912)] -> xpath: //p[normalize-space()='Masters']]
Trying to find Element By : By.xpath: //p[normalize-space()='User']
Found Element By : By.xpath: //p[normalize-space()='User']
Trying to click on: [[ChromeDriver: chrome on WINDOWS (8d3e839a1deafa83ac0424df3787e912)] -> xpath: //p[normalize-space()='User']]
Clicked on: [[ChromeDriver: chrome on WINDOWS (8d3e839a1deafa83ac0424df3787e912)] -> xpath: //p[normalize-space()='User']]
The path is E:\Pooja Workspace\EclipseWorkspaces\TestAutomation
Trying to find Element By : By.xpath: //button[@id='usermodal']
Found Element By : By.xpath: //button[@id='usermodal']
Trying to click on: [[ChromeDriver: chrome on WINDOWS (8d3e839a1deafa83ac0424df3787e912)] -> xpath: //button[@id='usermodal']]
Clicked on: [[ChromeDriver: chrome on WINDOWS (8d3e839a1deafa83ac0424df3787e912)] -> xpath: //button[@id='usermodal']]
Trying to find Element By : By.xpath: //input[@id='username']
Found Element By : By.xpath: //input[@id='username']
Trying to find Element By : By.xpath: //input[@id='userid']
Found Element By : By.xpath: //input[@id='userid']
Trying to find Element By : By.xpath: //input[@id='txtuserMobileNo']
Found Element By : By.xpath: //input[@id='txtuserMobileNo']
Trying to find Element By : By.xpath: //input[@id='txtuserMailId']
Found Element By : By.xpath: //input[@id='txtuserMailId']
Trying to find Element By : By.id: branchselect
Found Element By : By.id: branchselect
Trying to find Element By : By.id: branchselect
Found Element By : By.id: branchselect
Trying to find Element By : By.id: branchselect
Found Element By : By.id: branchselect
Trying to find Element By : By.xpath: .//option[normalize-space(.) = "Hyderabad"]
Found Element By : By.xpath: .//option[normalize-space(.) = "Hyderabad"]
Trying to click on: [[[[ChromeDriver: chrome on WINDOWS (8d3e839a1deafa83ac0424df3787e912)] -> id: branchselect]] -> xpath: .//option[normalize-space(.) = "Hyderabad"]]
Clicked on: [[[[ChromeDriver: chrome on WINDOWS (8d3e839a1deafa83ac0424df3787e912)] -> id: branchselect]] -> xpath: .//option[normalize-space(.) = "Hyderabad"]]
Trying to find Element By : By.id: roleselect
Found Element By : By.id: roleselect
Trying to find Element By : By.id: roleselect
Found Element By : By.id: roleselect
Trying to find Element By : By.id: roleselect
Found Element By : By.id: roleselect
Trying to find Element By : By.xpath: .//option[normalize-space(.) = "Business"]
Found Element By : By.xpath: .//option[normalize-space(.) = "Business"]
Trying to click on: [[[[ChromeDriver: chrome on WINDOWS (8d3e839a1deafa83ac0424df3787e912)] -> id: roleselect]] -> xpath: .//option[normalize-space(.) = "Business"]]
Clicked on: [[[[ChromeDriver: chrome on WINDOWS (8d3e839a1deafa83ac0424df3787e912)] -> id: roleselect]] -> xpath: .//option[normalize-space(.) = "Business"]]
Trying to find Element By : By.id: groupselect
Found Element By : By.id: groupselect
Trying to find Element By : By.id: groupselect
Found Element By : By.id: groupselect
Trying to find Element By : By.id: groupselect
Found Element By : By.id: groupselect
Trying to find Element By : By.xpath: .//option[normalize-space(.) = "User Admin"]
Found Element By : By.xpath: .//option[normalize-space(.) = "User Admin"]
Trying to find Element By : By.id: groupselect
Found Element By : By.id: groupselect
Trying to find Element By : By.xpath: .//option[contains(., "Admin")]
Found Element By : By.xpath: .//option[contains(., "Admin")]
]]></system-out>
    <system-err><![CDATA[Starting ChromeDriver 131.0.6778.204 (52183f9e99a61056f9b78535f53d256f1516f2a0-refs/branch-heads/6778_155@{#7}) on port 39455
Only local connections are allowed.
Please see https://chromedriver.chromium.org/security-considerations for suggestions on keeping ChromeDriver safe.
ChromeDriver was started successfully on port 39455.
Dec 24, 2024 3:13:04 PM org.openqa.selenium.remote.ProtocolHandshake createSession
INFO: Detected dialect: W3C
]]></system-err>
  </testcase>
  <testcase name="validateCreateNewUser[Test3, C0554150, 9.685745634E9, test3@gmail.com, Jaipur, ACE ADMIN, Branch Banking, Karan Singh](4)" classname="com.qa.testcases.UserPageTest" time="2.742">
    <system-out><![CDATA[using chrome browser
The path is E:\Pooja Workspace\EclipseWorkspaces\TestAutomation
Before navigating to: 'http://192.168.40.55:8022/manuallogin'
Navigated to:'http://192.168.40.55:8022/manuallogin'
The path is E:\Pooja Workspace\EclipseWorkspaces\TestAutomation
Trying to find Element By : By.name: UserName
Found Element By : By.name: UserName
Trying to find Element By : By.name: Password
Found Element By : By.name: Password
Trying to find Element By : By.id: btnlogin
Found Element By : By.id: btnlogin
Trying to click on: [[ChromeDriver: chrome on WINDOWS (f03fb2eb092a005505f48ad2760d216d)] -> id: btnlogin]
Clicked on: [[ChromeDriver: chrome on WINDOWS (f03fb2eb092a005505f48ad2760d216d)] -> id: btnlogin]
The path is E:\Pooja Workspace\EclipseWorkspaces\TestAutomation
Trying to find Element By : By.xpath: //img[@src='/Content/img/admin.jpg']
Found Element By : By.xpath: //img[@src='/Content/img/admin.jpg']
Trying to click on: [[ChromeDriver: chrome on WINDOWS (f03fb2eb092a005505f48ad2760d216d)] -> xpath: //img[@src='/Content/img/admin.jpg']]
Clicked on: [[ChromeDriver: chrome on WINDOWS (f03fb2eb092a005505f48ad2760d216d)] -> xpath: //img[@src='/Content/img/admin.jpg']]
The path is E:\Pooja Workspace\EclipseWorkspaces\TestAutomation
mnu_Masters.click();
Trying to find Element By : By.xpath: //p[normalize-space()='Masters']
Found Element By : By.xpath: //p[normalize-space()='Masters']
Trying to click on: [[ChromeDriver: chrome on WINDOWS (f03fb2eb092a005505f48ad2760d216d)] -> xpath: //p[normalize-space()='Masters']]
Clicked on: [[ChromeDriver: chrome on WINDOWS (f03fb2eb092a005505f48ad2760d216d)] -> xpath: //p[normalize-space()='Masters']]
Trying to find Element By : By.xpath: //p[normalize-space()='User']
Found Element By : By.xpath: //p[normalize-space()='User']
Trying to click on: [[ChromeDriver: chrome on WINDOWS (f03fb2eb092a005505f48ad2760d216d)] -> xpath: //p[normalize-space()='User']]
Clicked on: [[ChromeDriver: chrome on WINDOWS (f03fb2eb092a005505f48ad2760d216d)] -> xpath: //p[normalize-space()='User']]
The path is E:\Pooja Workspace\EclipseWorkspaces\TestAutomation
Trying to find Element By : By.xpath: //button[@id='usermodal']
Found Element By : By.xpath: //button[@id='usermodal']
Trying to click on: [[ChromeDriver: chrome on WINDOWS (f03fb2eb092a005505f48ad2760d216d)] -> xpath: //button[@id='usermodal']]
Clicked on: [[ChromeDriver: chrome on WINDOWS (f03fb2eb092a005505f48ad2760d216d)] -> xpath: //button[@id='usermodal']]
Trying to find Element By : By.xpath: //input[@id='username']
Found Element By : By.xpath: //input[@id='username']
Trying to find Element By : By.xpath: //input[@id='userid']
Found Element By : By.xpath: //input[@id='userid']
Trying to find Element By : By.xpath: //input[@id='txtuserMobileNo']
Found Element By : By.xpath: //input[@id='txtuserMobileNo']
Trying to find Element By : By.xpath: //input[@id='txtuserMailId']
Found Element By : By.xpath: //input[@id='txtuserMailId']
Trying to find Element By : By.id: branchselect
Found Element By : By.id: branchselect
Trying to find Element By : By.id: branchselect
Found Element By : By.id: branchselect
Trying to find Element By : By.id: branchselect
Found Element By : By.id: branchselect
Trying to find Element By : By.xpath: .//option[normalize-space(.) = "Jaipur"]
Found Element By : By.xpath: .//option[normalize-space(.) = "Jaipur"]
Trying to click on: [[[[ChromeDriver: chrome on WINDOWS (f03fb2eb092a005505f48ad2760d216d)] -> id: branchselect]] -> xpath: .//option[normalize-space(.) = "Jaipur"]]
Clicked on: [[[[ChromeDriver: chrome on WINDOWS (f03fb2eb092a005505f48ad2760d216d)] -> id: branchselect]] -> xpath: .//option[normalize-space(.) = "Jaipur"]]
Trying to find Element By : By.id: roleselect
Found Element By : By.id: roleselect
Trying to find Element By : By.id: roleselect
Found Element By : By.id: roleselect
Trying to find Element By : By.id: roleselect
Found Element By : By.id: roleselect
Trying to find Element By : By.xpath: .//option[normalize-space(.) = "ACE ADMIN"]
Found Element By : By.xpath: .//option[normalize-space(.) = "ACE ADMIN"]
Trying to click on: [[[[ChromeDriver: chrome on WINDOWS (f03fb2eb092a005505f48ad2760d216d)] -> id: roleselect]] -> xpath: .//option[normalize-space(.) = "ACE ADMIN"]]
Clicked on: [[[[ChromeDriver: chrome on WINDOWS (f03fb2eb092a005505f48ad2760d216d)] -> id: roleselect]] -> xpath: .//option[normalize-space(.) = "ACE ADMIN"]]
Trying to find Element By : By.id: groupselect
Found Element By : By.id: groupselect
Trying to find Element By : By.id: groupselect
Found Element By : By.id: groupselect
Trying to find Element By : By.id: groupselect
Found Element By : By.id: groupselect
Trying to find Element By : By.xpath: .//option[normalize-space(.) = "Branch Banking"]
Found Element By : By.xpath: .//option[normalize-space(.) = "Branch Banking"]
Trying to click on: [[[[ChromeDriver: chrome on WINDOWS (f03fb2eb092a005505f48ad2760d216d)] -> id: groupselect]] -> xpath: .//option[normalize-space(.) = "Branch Banking"]]
Clicked on: [[[[ChromeDriver: chrome on WINDOWS (f03fb2eb092a005505f48ad2760d216d)] -> id: groupselect]] -> xpath: .//option[normalize-space(.) = "Branch Banking"]]
Trying to find Element By : By.id: manager
Found Element By : By.id: manager
Trying to find Element By : By.id: manager
Found Element By : By.id: manager
Trying to find Element By : By.id: manager
Found Element By : By.id: manager
Trying to find Element By : By.xpath: .//option[normalize-space(.) = "Karan Singh"]
Found Element By : By.xpath: .//option[normalize-space(.) = "Karan Singh"]
Trying to click on: [[[[ChromeDriver: chrome on WINDOWS (f03fb2eb092a005505f48ad2760d216d)] -> id: manager]] -> xpath: .//option[normalize-space(.) = "Karan Singh"]]
Clicked on: [[[[ChromeDriver: chrome on WINDOWS (f03fb2eb092a005505f48ad2760d216d)] -> id: manager]] -> xpath: .//option[normalize-space(.) = "Karan Singh"]]
Trying to find Element By : By.xpath: //input[@id='modalSaveBtn']
Found Element By : By.xpath: //input[@id='modalSaveBtn']
Trying to click on: [[ChromeDriver: chrome on WINDOWS (f03fb2eb092a005505f48ad2760d216d)] -> xpath: //input[@id='modalSaveBtn']]
Clicked on: [[ChromeDriver: chrome on WINDOWS (f03fb2eb092a005505f48ad2760d216d)] -> xpath: //input[@id='modalSaveBtn']]
]]></system-out>
    <system-err><![CDATA[Starting ChromeDriver 131.0.6778.204 (52183f9e99a61056f9b78535f53d256f1516f2a0-refs/branch-heads/6778_155@{#7}) on port 15998
Only local connections are allowed.
Please see https://chromedriver.chromium.org/security-considerations for suggestions on keeping ChromeDriver safe.
ChromeDriver was started successfully on port 15998.
Dec 24, 2024 3:13:33 PM org.openqa.selenium.remote.ProtocolHandshake createSession
INFO: Detected dialect: W3C
]]></system-err>
  </testcase>
</testsuite>